{"total": {"lines":{"total":1185,"covered":335,"skipped":0,"pct":28.27},"statements":{"total":1224,"covered":341,"skipped":0,"pct":27.85},"functions":{"total":196,"covered":61,"skipped":0,"pct":31.12},"branches":{"total":406,"covered":62,"skipped":0,"pct":15.27},"branchesTrue":{"total":0,"covered":0,"skipped":0,"pct":100}}
,"/home/runner/work/Sparkleft/Sparkleft/src/client.ts": {"lines":{"total":2,"covered":2,"skipped":0,"pct":100},"functions":{"total":0,"covered":0,"skipped":0,"pct":100},"statements":{"total":2,"covered":2,"skipped":0,"pct":100},"branches":{"total":0,"covered":0,"skipped":0,"pct":100}}
,"/home/runner/work/Sparkleft/Sparkleft/src/config.ts": {"lines":{"total":17,"covered":14,"skipped":0,"pct":82.35},"functions":{"total":14,"covered":12,"skipped":0,"pct":85.71},"statements":{"total":17,"covered":14,"skipped":0,"pct":82.35},"branches":{"total":6,"covered":3,"skipped":0,"pct":50}}
,"/home/runner/work/Sparkleft/Sparkleft/src/redis.ts": {"lines":{"total":1,"covered":1,"skipped":0,"pct":100},"functions":{"total":0,"covered":0,"skipped":0,"pct":100},"statements":{"total":1,"covered":1,"skipped":0,"pct":100},"branches":{"total":0,"covered":0,"skipped":0,"pct":100}}
,"/home/runner/work/Sparkleft/Sparkleft/src/server.ts": {"lines":{"total":34,"covered":32,"skipped":0,"pct":94.11},"functions":{"total":3,"covered":3,"skipped":0,"pct":100},"statements":{"total":34,"covered":32,"skipped":0,"pct":94.11},"branches":{"total":0,"covered":0,"skipped":0,"pct":100}}
,"/home/runner/work/Sparkleft/Sparkleft/src/worker.ts": {"lines":{"total":8,"covered":0,"skipped":0,"pct":0},"functions":{"total":1,"covered":0,"skipped":0,"pct":0},"statements":{"total":8,"covered":0,"skipped":0,"pct":0},"branches":{"total":0,"covered":0,"skipped":0,"pct":100}}
,"/home/runner/work/Sparkleft/Sparkleft/src/endpoints/config.ts": {"lines":{"total":9,"covered":2,"skipped":0,"pct":22.22},"functions":{"total":2,"covered":0,"skipped":0,"pct":0},"statements":{"total":10,"covered":2,"skipped":0,"pct":20},"branches":{"total":14,"covered":0,"skipped":0,"pct":0}}
,"/home/runner/work/Sparkleft/Sparkleft/src/endpoints/createNewCategory.ts": {"lines":{"total":12,"covered":1,"skipped":0,"pct":8.33},"functions":{"total":2,"covered":0,"skipped":0,"pct":0},"statements":{"total":13,"covered":1,"skipped":0,"pct":7.69},"branches":{"total":2,"covered":0,"skipped":0,"pct":0}}
,"/home/runner/work/Sparkleft/Sparkleft/src/endpoints/currentMonth.ts": {"lines":{"total":6,"covered":1,"skipped":0,"pct":16.66},"functions":{"total":1,"covered":0,"skipped":0,"pct":0},"statements":{"total":6,"covered":1,"skipped":0,"pct":16.66},"branches":{"total":0,"covered":0,"skipped":0,"pct":100}}
,"/home/runner/work/Sparkleft/Sparkleft/src/endpoints/hideBudget.ts": {"lines":{"total":12,"covered":1,"skipped":0,"pct":8.33},"functions":{"total":1,"covered":0,"skipped":0,"pct":0},"statements":{"total":12,"covered":1,"skipped":0,"pct":8.33},"branches":{"total":2,"covered":0,"skipped":0,"pct":0}}
,"/home/runner/work/Sparkleft/Sparkleft/src/endpoints/hideCategory.ts": {"lines":{"total":12,"covered":1,"skipped":0,"pct":8.33},"functions":{"total":1,"covered":0,"skipped":0,"pct":0},"statements":{"total":12,"covered":1,"skipped":0,"pct":8.33},"branches":{"total":2,"covered":0,"skipped":0,"pct":0}}
,"/home/runner/work/Sparkleft/Sparkleft/src/endpoints/nextMonth.ts": {"lines":{"total":6,"covered":1,"skipped":0,"pct":16.66},"functions":{"total":1,"covered":0,"skipped":0,"pct":0},"statements":{"total":6,"covered":1,"skipped":0,"pct":16.66},"branches":{"total":0,"covered":0,"skipped":0,"pct":100}}
,"/home/runner/work/Sparkleft/Sparkleft/src/endpoints/setAssetAccount.ts": {"lines":{"total":16,"covered":1,"skipped":0,"pct":6.25},"functions":{"total":2,"covered":0,"skipped":0,"pct":0},"statements":{"total":17,"covered":1,"skipped":0,"pct":5.88},"branches":{"total":4,"covered":0,"skipped":0,"pct":0}}
,"/home/runner/work/Sparkleft/Sparkleft/src/endpoints/setBudgetRole.ts": {"lines":{"total":19,"covered":4,"skipped":0,"pct":21.05},"functions":{"total":3,"covered":1,"skipped":0,"pct":33.33},"statements":{"total":19,"covered":4,"skipped":0,"pct":21.05},"branches":{"total":8,"covered":2,"skipped":0,"pct":25}}
,"/home/runner/work/Sparkleft/Sparkleft/src/endpoints/setCronConfig.ts": {"lines":{"total":27,"covered":27,"skipped":0,"pct":100},"functions":{"total":7,"covered":7,"skipped":0,"pct":100},"statements":{"total":28,"covered":28,"skipped":0,"pct":100},"branches":{"total":14,"covered":13,"skipped":0,"pct":92.85}}
,"/home/runner/work/Sparkleft/Sparkleft/src/endpoints/setLocale.ts": {"lines":{"total":6,"covered":1,"skipped":0,"pct":16.66},"functions":{"total":1,"covered":0,"skipped":0,"pct":0},"statements":{"total":6,"covered":1,"skipped":0,"pct":16.66},"branches":{"total":0,"covered":0,"skipped":0,"pct":100}}
,"/home/runner/work/Sparkleft/Sparkleft/src/endpoints/setNotifier.ts": {"lines":{"total":10,"covered":1,"skipped":0,"pct":10},"functions":{"total":2,"covered":0,"skipped":0,"pct":0},"statements":{"total":10,"covered":1,"skipped":0,"pct":10},"branches":{"total":2,"covered":0,"skipped":0,"pct":0}}
,"/home/runner/work/Sparkleft/Sparkleft/src/endpoints/setNotifierField.ts": {"lines":{"total":12,"covered":2,"skipped":0,"pct":16.66},"functions":{"total":2,"covered":0,"skipped":0,"pct":0},"statements":{"total":12,"covered":2,"skipped":0,"pct":16.66},"branches":{"total":2,"covered":0,"skipped":0,"pct":0}}
,"/home/runner/work/Sparkleft/Sparkleft/src/endpoints/settingBudgetForTransaction.ts": {"lines":{"total":8,"covered":1,"skipped":0,"pct":12.5},"functions":{"total":1,"covered":0,"skipped":0,"pct":0},"statements":{"total":8,"covered":1,"skipped":0,"pct":12.5},"branches":{"total":0,"covered":0,"skipped":0,"pct":100}}
,"/home/runner/work/Sparkleft/Sparkleft/src/endpoints/settingCategoryForTransaction.ts": {"lines":{"total":8,"covered":1,"skipped":0,"pct":12.5},"functions":{"total":1,"covered":0,"skipped":0,"pct":0},"statements":{"total":8,"covered":1,"skipped":0,"pct":12.5},"branches":{"total":0,"covered":0,"skipped":0,"pct":100}}
,"/home/runner/work/Sparkleft/Sparkleft/src/endpoints/triggerAutoImport.ts": {"lines":{"total":14,"covered":1,"skipped":0,"pct":7.14},"functions":{"total":1,"covered":0,"skipped":0,"pct":0},"statements":{"total":14,"covered":1,"skipped":0,"pct":7.14},"branches":{"total":5,"covered":0,"skipped":0,"pct":0}}
,"/home/runner/work/Sparkleft/Sparkleft/src/endpoints/triggerBudgetSumUp.ts": {"lines":{"total":14,"covered":1,"skipped":0,"pct":7.14},"functions":{"total":1,"covered":0,"skipped":0,"pct":0},"statements":{"total":14,"covered":1,"skipped":0,"pct":7.14},"branches":{"total":5,"covered":0,"skipped":0,"pct":0}}
,"/home/runner/work/Sparkleft/Sparkleft/src/endpoints/webhook.ts": {"lines":{"total":21,"covered":3,"skipped":0,"pct":14.28},"functions":{"total":1,"covered":0,"skipped":0,"pct":0},"statements":{"total":21,"covered":3,"skipped":0,"pct":14.28},"branches":{"total":4,"covered":0,"skipped":0,"pct":0}}
,"/home/runner/work/Sparkleft/Sparkleft/src/middleware/assertTransactionExistsMiddleware.ts": {"lines":{"total":7,"covered":7,"skipped":0,"pct":100},"functions":{"total":1,"covered":1,"skipped":0,"pct":100},"statements":{"total":7,"covered":7,"skipped":0,"pct":100},"branches":{"total":0,"covered":0,"skipped":0,"pct":100}}
,"/home/runner/work/Sparkleft/Sparkleft/src/middleware/parseBodyMiddleware.ts": {"lines":{"total":8,"covered":8,"skipped":0,"pct":100},"functions":{"total":3,"covered":3,"skipped":0,"pct":100},"statements":{"total":8,"covered":8,"skipped":0,"pct":100},"branches":{"total":2,"covered":2,"skipped":0,"pct":100}}
,"/home/runner/work/Sparkleft/Sparkleft/src/middleware/tokenMiddleware.ts": {"lines":{"total":11,"covered":11,"skipped":0,"pct":100},"functions":{"total":1,"covered":1,"skipped":0,"pct":100},"statements":{"total":11,"covered":11,"skipped":0,"pct":100},"branches":{"total":6,"covered":6,"skipped":0,"pct":100}}
,"/home/runner/work/Sparkleft/Sparkleft/src/middleware/transactionResultMiddleware.ts": {"lines":{"total":2,"covered":2,"skipped":0,"pct":100},"functions":{"total":1,"covered":1,"skipped":0,"pct":100},"statements":{"total":2,"covered":2,"skipped":0,"pct":100},"branches":{"total":0,"covered":0,"skipped":0,"pct":100}}
,"/home/runner/work/Sparkleft/Sparkleft/src/middleware/webhookSecretMiddleware.ts": {"lines":{"total":32,"covered":13,"skipped":0,"pct":40.62},"functions":{"total":4,"covered":3,"skipped":0,"pct":75},"statements":{"total":34,"covered":15,"skipped":0,"pct":44.11},"branches":{"total":14,"covered":6,"skipped":0,"pct":42.85}}
,"/home/runner/work/Sparkleft/Sparkleft/src/modules/config/dynamic.ts": {"lines":{"total":30,"covered":19,"skipped":0,"pct":63.33},"functions":{"total":11,"covered":3,"skipped":0,"pct":27.27},"statements":{"total":30,"covered":19,"skipped":0,"pct":63.33},"branches":{"total":2,"covered":0,"skipped":0,"pct":0}}
,"/home/runner/work/Sparkleft/Sparkleft/src/modules/notifiers/discord.ts": {"lines":{"total":12,"covered":0,"skipped":0,"pct":0},"functions":{"total":5,"covered":0,"skipped":0,"pct":0},"statements":{"total":12,"covered":0,"skipped":0,"pct":0},"branches":{"total":4,"covered":0,"skipped":0,"pct":0}}
,"/home/runner/work/Sparkleft/Sparkleft/src/modules/notifiers/gotify.ts": {"lines":{"total":28,"covered":1,"skipped":0,"pct":3.57},"functions":{"total":6,"covered":0,"skipped":0,"pct":0},"statements":{"total":29,"covered":1,"skipped":0,"pct":3.44},"branches":{"total":10,"covered":0,"skipped":0,"pct":0}}
,"/home/runner/work/Sparkleft/Sparkleft/src/modules/notifiers/index.ts": {"lines":{"total":21,"covered":1,"skipped":0,"pct":4.76},"functions":{"total":3,"covered":0,"skipped":0,"pct":0},"statements":{"total":21,"covered":1,"skipped":0,"pct":4.76},"branches":{"total":12,"covered":0,"skipped":0,"pct":0}}
,"/home/runner/work/Sparkleft/Sparkleft/src/modules/notifiers/notifier.ts": {"lines":{"total":8,"covered":0,"skipped":0,"pct":0},"functions":{"total":2,"covered":0,"skipped":0,"pct":0},"statements":{"total":8,"covered":0,"skipped":0,"pct":0},"branches":{"total":4,"covered":0,"skipped":0,"pct":0}}
,"/home/runner/work/Sparkleft/Sparkleft/src/modules/notifiers/types.ts": {"lines":{"total":3,"covered":3,"skipped":0,"pct":100},"functions":{"total":1,"covered":1,"skipped":0,"pct":100},"statements":{"total":3,"covered":3,"skipped":0,"pct":100},"branches":{"total":0,"covered":0,"skipped":0,"pct":100}}
,"/home/runner/work/Sparkleft/Sparkleft/src/queues/index.ts": {"lines":{"total":101,"covered":0,"skipped":0,"pct":0},"functions":{"total":11,"covered":0,"skipped":0,"pct":0},"statements":{"total":101,"covered":0,"skipped":0,"pct":0},"branches":{"total":58,"covered":0,"skipped":0,"pct":0}}
,"/home/runner/work/Sparkleft/Sparkleft/src/queues/queue.ts": {"lines":{"total":5,"covered":1,"skipped":0,"pct":20},"functions":{"total":1,"covered":0,"skipped":0,"pct":0},"statements":{"total":5,"covered":1,"skipped":0,"pct":20},"branches":{"total":2,"covered":0,"skipped":0,"pct":0}}
,"/home/runner/work/Sparkleft/Sparkleft/src/queues/queueArgs.ts": {"lines":{"total":3,"covered":0,"skipped":0,"pct":0},"functions":{"total":3,"covered":0,"skipped":0,"pct":0},"statements":{"total":3,"covered":0,"skipped":0,"pct":0},"branches":{"total":0,"covered":0,"skipped":0,"pct":100}}
,"/home/runner/work/Sparkleft/Sparkleft/src/queues/utils.ts": {"lines":{"total":18,"covered":1,"skipped":0,"pct":5.55},"functions":{"total":5,"covered":0,"skipped":0,"pct":0},"statements":{"total":18,"covered":1,"skipped":0,"pct":5.55},"branches":{"total":0,"covered":0,"skipped":0,"pct":100}}
,"/home/runner/work/Sparkleft/Sparkleft/src/queues/jobs/BaseJob.ts": {"lines":{"total":47,"covered":43,"skipped":0,"pct":91.48},"functions":{"total":10,"covered":10,"skipped":0,"pct":100},"statements":{"total":47,"covered":43,"skipped":0,"pct":91.48},"branches":{"total":17,"covered":15,"skipped":0,"pct":88.23}}
,"/home/runner/work/Sparkleft/Sparkleft/src/queues/jobs/autoImport.ts": {"lines":{"total":45,"covered":43,"skipped":0,"pct":95.55},"functions":{"total":11,"covered":2,"skipped":0,"pct":18.18},"statements":{"total":54,"covered":43,"skipped":0,"pct":79.62},"branches":{"total":15,"covered":11,"skipped":0,"pct":73.33}}
,"/home/runner/work/Sparkleft/Sparkleft/src/queues/jobs/budgetSumUp.ts": {"lines":{"total":30,"covered":0,"skipped":0,"pct":0},"functions":{"total":3,"covered":0,"skipped":0,"pct":0},"statements":{"total":32,"covered":0,"skipped":0,"pct":0},"branches":{"total":13,"covered":0,"skipped":0,"pct":0}}
,"/home/runner/work/Sparkleft/Sparkleft/src/queues/jobs/checkBudgetLimit.ts": {"lines":{"total":51,"covered":3,"skipped":0,"pct":5.88},"functions":{"total":3,"covered":0,"skipped":0,"pct":0},"statements":{"total":51,"covered":3,"skipped":0,"pct":5.88},"branches":{"total":30,"covered":0,"skipped":0,"pct":0}}
,"/home/runner/work/Sparkleft/Sparkleft/src/queues/jobs/index.ts": {"lines":{"total":4,"covered":0,"skipped":0,"pct":0},"functions":{"total":0,"covered":0,"skipped":0,"pct":100},"statements":{"total":4,"covered":0,"skipped":0,"pct":0},"branches":{"total":0,"covered":0,"skipped":0,"pct":100}}
,"/home/runner/work/Sparkleft/Sparkleft/src/queues/jobs/linkPaypalTransactions.ts": {"lines":{"total":46,"covered":3,"skipped":0,"pct":6.52},"functions":{"total":4,"covered":0,"skipped":0,"pct":0},"statements":{"total":46,"covered":3,"skipped":0,"pct":6.52},"branches":{"total":26,"covered":0,"skipped":0,"pct":0}}
,"/home/runner/work/Sparkleft/Sparkleft/src/queues/jobs/removeTransactionMessages.ts": {"lines":{"total":31,"covered":3,"skipped":0,"pct":9.67},"functions":{"total":1,"covered":0,"skipped":0,"pct":0},"statements":{"total":31,"covered":3,"skipped":0,"pct":9.67},"branches":{"total":10,"covered":0,"skipped":0,"pct":0}}
,"/home/runner/work/Sparkleft/Sparkleft/src/queues/jobs/setBudgetForTransaction.ts": {"lines":{"total":16,"covered":15,"skipped":0,"pct":93.75},"functions":{"total":1,"covered":1,"skipped":0,"pct":100},"statements":{"total":16,"covered":15,"skipped":0,"pct":93.75},"branches":{"total":2,"covered":1,"skipped":0,"pct":50}}
,"/home/runner/work/Sparkleft/Sparkleft/src/queues/jobs/setCategoryForTransaction.ts": {"lines":{"total":16,"covered":2,"skipped":0,"pct":12.5},"functions":{"total":1,"covered":0,"skipped":0,"pct":0},"statements":{"total":16,"covered":2,"skipped":0,"pct":12.5},"branches":{"total":2,"covered":0,"skipped":0,"pct":0}}
,"/home/runner/work/Sparkleft/Sparkleft/src/queues/jobs/unbudgetedTransactions.ts": {"lines":{"total":49,"covered":3,"skipped":0,"pct":6.12},"functions":{"total":3,"covered":0,"skipped":0,"pct":0},"statements":{"total":50,"covered":3,"skipped":0,"pct":6},"branches":{"total":16,"covered":0,"skipped":0,"pct":0}}
,"/home/runner/work/Sparkleft/Sparkleft/src/queues/jobs/uncategorizedTransactions.ts": {"lines":{"total":68,"covered":3,"skipped":0,"pct":4.41},"functions":{"total":5,"covered":0,"skipped":0,"pct":0},"statements":{"total":71,"covered":3,"skipped":0,"pct":4.22},"branches":{"total":24,"covered":0,"skipped":0,"pct":0}}
,"/home/runner/work/Sparkleft/Sparkleft/src/queues/jobs/updateBillsBudgetLimit.ts": {"lines":{"total":51,"covered":3,"skipped":0,"pct":5.88},"functions":{"total":8,"covered":0,"skipped":0,"pct":0},"statements":{"total":54,"covered":3,"skipped":0,"pct":5.55},"branches":{"total":16,"covered":0,"skipped":0,"pct":0}}
,"/home/runner/work/Sparkleft/Sparkleft/src/queues/jobs/updateLeftoverBudgetLimit.ts": {"lines":{"total":88,"covered":3,"skipped":0,"pct":3.4},"functions":{"total":9,"covered":0,"skipped":0,"pct":0},"statements":{"total":94,"covered":3,"skipped":0,"pct":3.19},"branches":{"total":39,"covered":0,"skipped":0,"pct":0}}
,"/home/runner/work/Sparkleft/Sparkleft/src/utils/budgetName.ts": {"lines":{"total":4,"covered":0,"skipped":0,"pct":0},"functions":{"total":1,"covered":0,"skipped":0,"pct":0},"statements":{"total":4,"covered":0,"skipped":0,"pct":0},"branches":{"total":0,"covered":0,"skipped":0,"pct":100}}
,"/home/runner/work/Sparkleft/Sparkleft/src/utils/date.ts": {"lines":{"total":17,"covered":6,"skipped":0,"pct":35.29},"functions":{"total":5,"covered":2,"skipped":0,"pct":40},"statements":{"total":17,"covered":6,"skipped":0,"pct":35.29},"branches":{"total":0,"covered":0,"skipped":0,"pct":100}}
,"/home/runner/work/Sparkleft/Sparkleft/src/utils/getTransactionShowLink.ts": {"lines":{"total":1,"covered":1,"skipped":0,"pct":100},"functions":{"total":1,"covered":1,"skipped":0,"pct":100},"statements":{"total":1,"covered":1,"skipped":0,"pct":100},"branches":{"total":0,"covered":0,"skipped":0,"pct":100}}
,"/home/runner/work/Sparkleft/Sparkleft/src/utils/i18n.ts": {"lines":{"total":1,"covered":1,"skipped":0,"pct":100},"functions":{"total":1,"covered":1,"skipped":0,"pct":100},"statements":{"total":1,"covered":1,"skipped":0,"pct":100},"branches":{"total":0,"covered":0,"skipped":0,"pct":100}}
,"/home/runner/work/Sparkleft/Sparkleft/src/utils/notification.ts": {"lines":{"total":13,"covered":0,"skipped":0,"pct":0},"functions":{"total":5,"covered":0,"skipped":0,"pct":0},"statements":{"total":13,"covered":0,"skipped":0,"pct":0},"branches":{"total":6,"covered":0,"skipped":0,"pct":0}}
,"/home/runner/work/Sparkleft/Sparkleft/src/utils/renderTemplate.ts": {"lines":{"total":43,"covered":36,"skipped":0,"pct":83.72},"functions":{"total":16,"covered":6,"skipped":0,"pct":37.5},"statements":{"total":50,"covered":38,"skipped":0,"pct":76},"branches":{"total":6,"covered":3,"skipped":0,"pct":50}}
,"/home/runner/work/Sparkleft/Sparkleft/src/utils/sleep.ts": {"lines":{"total":1,"covered":1,"skipped":0,"pct":100},"functions":{"total":2,"covered":2,"skipped":0,"pct":100},"statements":{"total":2,"covered":2,"skipped":0,"pct":100},"branches":{"total":0,"covered":0,"skipped":0,"pct":100}}
,"/home/runner/work/Sparkleft/Sparkleft/src/utils/types/budgetSumUp.ts": {"lines":{"total":0,"covered":0,"skipped":0,"pct":100},"functions":{"total":0,"covered":0,"skipped":0,"pct":100},"statements":{"total":0,"covered":0,"skipped":0,"pct":100},"branches":{"total":0,"covered":0,"skipped":0,"pct":100}}
}
